INFO - 2024-01-29 21:43:14,207 : .pytest_cache, , Yes, /Users/asave/DOK_i/Education/GB/II_year/immers_py/immersion_py_hw/pythonProject/HW/hw_14
INFO - 2024-01-29 21:43:14,207 : __pycache__, , Yes, /Users/asave/DOK_i/Education/GB/II_year/immers_py/immersion_py_hw/pythonProject/HW/hw_14
INFO - 2024-01-29 21:43:14,207 : , DS_Store, No, /Users/asave/DOK_i/Education/GB/II_year/immers_py/immersion_py_hw/pythonProject/HW/hw_14
INFO - 2024-01-29 21:43:14,207 : hw14_task03, py, No, /Users/asave/DOK_i/Education/GB/II_year/immers_py/immersion_py_hw/pythonProject/HW/hw_14
INFO - 2024-01-29 21:43:14,207 : hw14_task06, py, No, /Users/asave/DOK_i/Education/GB/II_year/immers_py/immersion_py_hw/pythonProject/HW/hw_14
INFO - 2024-01-29 21:43:14,207 : test, py, No, /Users/asave/DOK_i/Education/GB/II_year/immers_py/immersion_py_hw/pythonProject/HW/hw_14
INFO - 2024-01-29 21:43:14,208 : hw14_task02, py, No, /Users/asave/DOK_i/Education/GB/II_year/immers_py/immersion_py_hw/pythonProject/HW/hw_14
INFO - 2024-01-29 21:43:14,208 : pytest_output.txt.txt, , No, /Users/asave/DOK_i/Education/GB/II_year/immers_py/immersion_py_hw/pythonProject/HW/hw_14
INFO - 2024-01-29 21:43:14,208 : hw14_task05, py, No, /Users/asave/DOK_i/Education/GB/II_year/immers_py/immersion_py_hw/pythonProject/HW/hw_14
INFO - 2024-01-29 21:43:14,208 : hw14_task01, py, No, /Users/asave/DOK_i/Education/GB/II_year/immers_py/immersion_py_hw/pythonProject/HW/hw_14
INFO - 2024-01-29 21:43:14,208 : pytest_output, txt, No, /Users/asave/DOK_i/Education/GB/II_year/immers_py/immersion_py_hw/pythonProject/HW/hw_14
INFO - 2024-01-29 21:43:14,208 : hw14_task04, py, No, /Users/asave/DOK_i/Education/GB/II_year/immers_py/immersion_py_hw/pythonProject/HW/hw_14
INFO - 2024-01-29 21:43:14,208 : v, , Yes, /Users/asave/DOK_i/Education/GB/II_year/immers_py/immersion_py_hw/pythonProject/HW/hw_14/.pytest_cache
INFO - 2024-01-29 21:43:14,208 : CACHEDIR, TAG, No, /Users/asave/DOK_i/Education/GB/II_year/immers_py/immersion_py_hw/pythonProject/HW/hw_14/.pytest_cache
INFO - 2024-01-29 21:43:14,208 : README, md, No, /Users/asave/DOK_i/Education/GB/II_year/immers_py/immersion_py_hw/pythonProject/HW/hw_14/.pytest_cache
INFO - 2024-01-29 21:43:14,208 : , gitignore, No, /Users/asave/DOK_i/Education/GB/II_year/immers_py/immersion_py_hw/pythonProject/HW/hw_14/.pytest_cache
INFO - 2024-01-29 21:43:14,208 : cache, , Yes, /Users/asave/DOK_i/Education/GB/II_year/immers_py/immersion_py_hw/pythonProject/HW/hw_14/.pytest_cache/v
INFO - 2024-01-29 21:43:14,208 : nodeids, , No, /Users/asave/DOK_i/Education/GB/II_year/immers_py/immersion_py_hw/pythonProject/HW/hw_14/.pytest_cache/v/cache
INFO - 2024-01-29 21:43:14,208 : lastfailed, , No, /Users/asave/DOK_i/Education/GB/II_year/immers_py/immersion_py_hw/pythonProject/HW/hw_14/.pytest_cache/v/cache
INFO - 2024-01-29 21:43:14,208 : stepwise, , No, /Users/asave/DOK_i/Education/GB/II_year/immers_py/immersion_py_hw/pythonProject/HW/hw_14/.pytest_cache/v/cache
INFO - 2024-01-29 21:43:14,208 : test.cpython-311-pytest-7.4.4.pyc, , No, /Users/asave/DOK_i/Education/GB/II_year/immers_py/immersion_py_hw/pythonProject/HW/hw_14/__pycache__
INFO - 2024-01-29 21:43:14,208 : hw14_task01.cpython-311.pyc, , No, /Users/asave/DOK_i/Education/GB/II_year/immers_py/immersion_py_hw/pythonProject/HW/hw_14/__pycache__
INFO - 2024-01-29 21:43:14,209 : test.cpython-311.pyc, , No, /Users/asave/DOK_i/Education/GB/II_year/immers_py/immersion_py_hw/pythonProject/HW/hw_14/__pycache__
INFO - 2024-01-29 21:43:14,209 : hw14_task06.cpython-311-pytest-7.4.4.pyc, , No, /Users/asave/DOK_i/Education/GB/II_year/immers_py/immersion_py_hw/pythonProject/HW/hw_14/__pycache__
INFO - 2024-01-29 21:43:14,209 : hw14_task04.cpython-311.pyc, , No, /Users/asave/DOK_i/Education/GB/II_year/immers_py/immersion_py_hw/pythonProject/HW/hw_14/__pycache__
INFO - 2024-01-29 21:44:58,555 : .pytest_cache, , Yes, /Users/asave/DOK_i/Education/GB/II_year/immers_py/immersion_py_hw/pythonProject/HW/hw_14
INFO - 2024-01-29 21:44:58,556 : __pycache__, , Yes, /Users/asave/DOK_i/Education/GB/II_year/immers_py/immersion_py_hw/pythonProject/HW/hw_14
INFO - 2024-01-29 21:44:58,556 : , DS_Store, No, /Users/asave/DOK_i/Education/GB/II_year/immers_py/immersion_py_hw/pythonProject/HW/hw_14
INFO - 2024-01-29 21:44:58,556 : hw14_task03, py, No, /Users/asave/DOK_i/Education/GB/II_year/immers_py/immersion_py_hw/pythonProject/HW/hw_14
INFO - 2024-01-29 21:44:58,556 : hw14_task06, py, No, /Users/asave/DOK_i/Education/GB/II_year/immers_py/immersion_py_hw/pythonProject/HW/hw_14
INFO - 2024-01-29 21:44:58,556 : test, py, No, /Users/asave/DOK_i/Education/GB/II_year/immers_py/immersion_py_hw/pythonProject/HW/hw_14
INFO - 2024-01-29 21:44:58,556 : hw14_task02, py, No, /Users/asave/DOK_i/Education/GB/II_year/immers_py/immersion_py_hw/pythonProject/HW/hw_14
INFO - 2024-01-29 21:44:58,557 : pytest_output.txt.txt, , No, /Users/asave/DOK_i/Education/GB/II_year/immers_py/immersion_py_hw/pythonProject/HW/hw_14
INFO - 2024-01-29 21:44:58,557 : hw14_task05, py, No, /Users/asave/DOK_i/Education/GB/II_year/immers_py/immersion_py_hw/pythonProject/HW/hw_14
INFO - 2024-01-29 21:44:58,557 : hw14_task01, py, No, /Users/asave/DOK_i/Education/GB/II_year/immers_py/immersion_py_hw/pythonProject/HW/hw_14
INFO - 2024-01-29 21:44:58,557 : pytest_output, txt, No, /Users/asave/DOK_i/Education/GB/II_year/immers_py/immersion_py_hw/pythonProject/HW/hw_14
INFO - 2024-01-29 21:44:58,557 : hw14_task04, py, No, /Users/asave/DOK_i/Education/GB/II_year/immers_py/immersion_py_hw/pythonProject/HW/hw_14
INFO - 2024-01-29 21:44:58,557 : v, , Yes, /Users/asave/DOK_i/Education/GB/II_year/immers_py/immersion_py_hw/pythonProject/HW/hw_14/.pytest_cache
INFO - 2024-01-29 21:44:58,557 : CACHEDIR, TAG, No, /Users/asave/DOK_i/Education/GB/II_year/immers_py/immersion_py_hw/pythonProject/HW/hw_14/.pytest_cache
INFO - 2024-01-29 21:44:58,557 : README, md, No, /Users/asave/DOK_i/Education/GB/II_year/immers_py/immersion_py_hw/pythonProject/HW/hw_14/.pytest_cache
INFO - 2024-01-29 21:44:58,557 : , gitignore, No, /Users/asave/DOK_i/Education/GB/II_year/immers_py/immersion_py_hw/pythonProject/HW/hw_14/.pytest_cache
INFO - 2024-01-29 21:44:58,557 : cache, , Yes, /Users/asave/DOK_i/Education/GB/II_year/immers_py/immersion_py_hw/pythonProject/HW/hw_14/.pytest_cache/v
INFO - 2024-01-29 21:44:58,557 : nodeids, , No, /Users/asave/DOK_i/Education/GB/II_year/immers_py/immersion_py_hw/pythonProject/HW/hw_14/.pytest_cache/v/cache
INFO - 2024-01-29 21:44:58,557 : lastfailed, , No, /Users/asave/DOK_i/Education/GB/II_year/immers_py/immersion_py_hw/pythonProject/HW/hw_14/.pytest_cache/v/cache
INFO - 2024-01-29 21:44:58,557 : stepwise, , No, /Users/asave/DOK_i/Education/GB/II_year/immers_py/immersion_py_hw/pythonProject/HW/hw_14/.pytest_cache/v/cache
INFO - 2024-01-29 21:44:58,557 : test.cpython-311-pytest-7.4.4.pyc, , No, /Users/asave/DOK_i/Education/GB/II_year/immers_py/immersion_py_hw/pythonProject/HW/hw_14/__pycache__
INFO - 2024-01-29 21:44:58,557 : hw14_task01.cpython-311.pyc, , No, /Users/asave/DOK_i/Education/GB/II_year/immers_py/immersion_py_hw/pythonProject/HW/hw_14/__pycache__
INFO - 2024-01-29 21:44:58,557 : test.cpython-311.pyc, , No, /Users/asave/DOK_i/Education/GB/II_year/immers_py/immersion_py_hw/pythonProject/HW/hw_14/__pycache__
INFO - 2024-01-29 21:44:58,558 : hw14_task06.cpython-311-pytest-7.4.4.pyc, , No, /Users/asave/DOK_i/Education/GB/II_year/immers_py/immersion_py_hw/pythonProject/HW/hw_14/__pycache__
INFO - 2024-01-29 21:44:58,558 : hw14_task04.cpython-311.pyc, , No, /Users/asave/DOK_i/Education/GB/II_year/immers_py/immersion_py_hw/pythonProject/HW/hw_14/__pycache__
